0 silly argv { _: [ 'publish' ],
0 silly argv   composed: 'publish',
0 silly argv   lernaVersion: '3.22.1',
0 silly argv   '$0': '../../../../.nvm/versions/node/v10.21.0/bin/lerna' }
1 notice cli v3.22.1
2 verbose rootPath /Users/qinzhiwei/IT/git/learn/lerna
3 verbose session 5c0e6ad26214cf59
4 verbose user-agent lerna/3.22.1/node@v10.21.0+x64 (darwin)
5 silly argv { _: [ 'publish' ], composed: 'publish', lernaVersion: '3.22.1' }
6 verbose rootPath /Users/qinzhiwei/IT/git/learn/lerna
7 info current version 0.0.11-alpha.0
8 silly isAnythingCommitted
9 verbose isAnythingCommitted 1
10 silly currentBranch
11 verbose currentBranch master
12 silly remoteBranchExists
13 silly isBehindUpstream
14 silly isBehindUpstream master is behind origin/master by 0 commit(s) and ahead by 0
15 silly hasTags
16 verbose hasTags true
17 silly git-describe.sync "v0.0.11-alpha.0-26-g285121f" => {"lastTagName":"v0.0.11-alpha.0","lastVersion":"v0.0.11-alpha.0","refCount":"26","sha":"285121f","isDirty":false}
18 info Looking for changed packages since v0.0.11-alpha.0
19 silly checking diff packages/bintest
20 silly found diff in packages/bintest/package.json
21 verbose filtered diff [ 'packages/bintest/package.json' ]
22 silly checking diff packages/esmouel-tag-dep
23 silly found diff in packages/esmouel-tag-dep/dist/index.js
23 silly found diff in packages/esmouel-tag-dep/package.json
24 verbose filtered diff [ 'packages/esmouel-tag-dep/dist/index.js',
24 verbose filtered diff   'packages/esmouel-tag-dep/package.json' ]
25 silly checking diff packages/l-cli
26 silly found diff in packages/l-cli/package.json
27 verbose filtered diff [ 'packages/l-cli/package.json' ]
28 silly checking diff packages/lerna1
29 silly found diff in packages/lerna1/package.json
30 verbose filtered diff [ 'packages/lerna1/package.json' ]
31 silly checking diff packages/lerna2
32 silly found diff in packages/lerna2/package.json
33 verbose filtered diff [ 'packages/lerna2/package.json' ]
34 silly checking diff packages/lerna3
35 silly found diff in packages/lerna3/package.json
36 verbose filtered diff [ 'packages/lerna3/package.json' ]
37 silly checking diff packages/lerna4
38 silly found diff in packages/lerna4/package.json
39 verbose filtered diff [ 'packages/lerna4/package.json' ]
40 verbose updated @qinzhiwei1993/bintest
41 verbose updated @qinzhiwei1993/esmouel-tag-dep
42 verbose updated @qinzhiwei1993/l-cli
43 verbose updated @qinzhiwei1993/lerna1
44 verbose updated @qinzhiwei1993/lerna2
45 verbose updated @qinzhiwei1993/lerna3
46 verbose updated @qinzhiwei1993/lerna4
47 verbose git-describe undefined => "v0.0.11-alpha.0-26-g285121f"
48 silly git-describe parsed => {"lastTagName":"v0.0.11-alpha.0","lastVersion":"v0.0.11-alpha.0","refCount":"26","sha":"285121f","isDirty":false}
49 info execute Skipping releases
50 silly lifecycle No script for "preversion" in "root", continuing
51 silly lifecycle No script for "preversion" in "@qinzhiwei1993/bintest", continuing
52 silly lifecycle No script for "preversion" in "@qinzhiwei1993/esmouel-tag-dep", continuing
53 silly lifecycle No script for "preversion" in "@qinzhiwei1993/l-cli", continuing
54 silly lifecycle No script for "preversion" in "@qinzhiwei1993/lerna1", continuing
55 silly lifecycle No script for "version" in "@qinzhiwei1993/bintest", continuing
56 silly lifecycle No script for "preversion" in "@qinzhiwei1993/lerna2", continuing
57 silly lifecycle No script for "version" in "@qinzhiwei1993/l-cli", continuing
58 silly lifecycle No script for "preversion" in "@qinzhiwei1993/lerna3", continuing
59 silly lifecycle No script for "version" in "@qinzhiwei1993/esmouel-tag-dep", continuing
60 silly lifecycle No script for "preversion" in "@qinzhiwei1993/lerna4", continuing
61 silly lifecycle No script for "version" in "@qinzhiwei1993/lerna1", continuing
62 silly lifecycle No script for "version" in "@qinzhiwei1993/lerna4", continuing
63 silly lifecycle No script for "version" in "@qinzhiwei1993/lerna3", continuing
64 silly lifecycle No script for "version" in "@qinzhiwei1993/lerna2", continuing
65 silly lifecycle No script for "version" in "root", continuing
66 silly gitAdd [ 'packages/bintest/package.json',
66 silly gitAdd   'packages/l-cli/package.json',
66 silly gitAdd   'packages/esmouel-tag-dep/package.json',
66 silly gitAdd   'packages/lerna1/package.json',
66 silly gitAdd   'packages/lerna1/package-lock.json',
66 silly gitAdd   'packages/lerna4/package.json',
66 silly gitAdd   'packages/lerna3/package.json',
66 silly gitAdd   'packages/lerna2/package.json',
66 silly gitAdd   'packages/lerna2/package-lock.json',
66 silly gitAdd   'lerna.json' ]
67 silly gitCommit v0.0.12-alpha.0
68 verbose git [ 'commit', '-m', 'v0.0.12-alpha.0' ]
69 silly gitTag v0.0.12-alpha.0
70 verbose git [ 'tag', 'v0.0.12-alpha.0', '-m', 'v0.0.12-alpha.0' ]
71 silly lifecycle No script for "postversion" in "@qinzhiwei1993/bintest", continuing
72 silly lifecycle No script for "postversion" in "@qinzhiwei1993/esmouel-tag-dep", continuing
73 silly lifecycle No script for "postversion" in "@qinzhiwei1993/l-cli", continuing
74 silly lifecycle No script for "postversion" in "@qinzhiwei1993/lerna1", continuing
75 silly lifecycle No script for "postversion" in "@qinzhiwei1993/lerna2", continuing
76 silly lifecycle No script for "postversion" in "@qinzhiwei1993/lerna3", continuing
77 silly lifecycle No script for "postversion" in "@qinzhiwei1993/lerna4", continuing
78 silly lifecycle No script for "postversion" in "root", continuing
79 info git Pushing tags...
80 silly gitPush origin master
81 info publish Publishing packages to npm...
82 info Verifying npm credentials
83 verbose Retrieving npm user profile
84 http fetch GET 200 https://registry.npmjs.org/-/npm/v1/user 1203ms
85 silly npm profile get received {"tfa":false,"name":"qinzhiwei1993","email":"qinzhiwei1993@126.com","email_verified":true,"created":"2019-03-11T09:58:50.248Z","updated":"2020-05-28T15:13:20.146Z","cidr_whitelist":null,"fullname":"qinzhiwei"}
86 silly get npm username received {"username":"qinzhiwei1993","tfa":false,"name":"qinzhiwei1993","email":"qinzhiwei1993@126.com","email_verified":true,"created":"2019-03-11T09:58:50.248Z","updated":"2020-05-28T15:13:20.146Z","cidr_whitelist":null,"fullname":"qinzhiwei"}
87 silly verifyNpmPackageAccess
88 http fetch GET 200 https://registry.npmjs.org/-/org/qinzhiwei1993/package?format=cli 289ms
89 info Checking two-factor auth mode
90 verbose Retrieving npm user profile
91 http fetch GET 200 https://registry.npmjs.org/-/npm/v1/user 275ms
92 silly npm profile get received {"tfa":false,"name":"qinzhiwei1993","email":"qinzhiwei1993@126.com","email_verified":true,"created":"2019-03-11T09:58:50.248Z","updated":"2020-05-28T15:13:20.146Z","cidr_whitelist":null,"fullname":"qinzhiwei"}
93 silly 2FA false
94 silly getCurrentSHA
95 verbose getCurrentSHA 72d7b6b35b3121c1f60b40b14c4ef806cdd479b5
96 silly lifecycle No script for "prepublish" in "root", continuing
97 silly lifecycle No script for "prepare" in "root", continuing
98 silly lifecycle No script for "prepublishOnly" in "root", continuing
99 silly lifecycle No script for "prepack" in "root", continuing
100 verbose pack-directory packages/bintest
101 verbose pack-directory packages/esmouel-tag-dep/dist
102 verbose pack-directory packages/l-cli
103 verbose pack-directory packages/lerna1
104 silly lifecycle No script for "prepublish" in "@qinzhiwei1993/bintest", continuing
105 silly lifecycle No script for "prepublish" in "@qinzhiwei1993/esmouel-tag-dep", continuing
106 silly lifecycle No script for "prepublish" in "@qinzhiwei1993/l-cli", continuing
107 silly lifecycle No script for "prepublish" in "@qinzhiwei1993/lerna1", continuing
108 silly lifecycle No script for "prepare" in "@qinzhiwei1993/bintest", continuing
109 silly lifecycle No script for "prepare" in "@qinzhiwei1993/esmouel-tag-dep", continuing
110 silly lifecycle No script for "prepare" in "@qinzhiwei1993/l-cli", continuing
111 silly lifecycle No script for "prepare" in "@qinzhiwei1993/lerna1", continuing
112 silly lifecycle No script for "prepublishOnly" in "@qinzhiwei1993/bintest", continuing
113 silly lifecycle No script for "prepublishOnly" in "@qinzhiwei1993/esmouel-tag-dep", continuing
114 silly lifecycle No script for "prepublishOnly" in "@qinzhiwei1993/l-cli", continuing
115 silly lifecycle No script for "prepublishOnly" in "@qinzhiwei1993/lerna1", continuing
116 silly lifecycle No script for "prepack" in "@qinzhiwei1993/bintest", continuing
117 silly lifecycle No script for "prepack" in "@qinzhiwei1993/esmouel-tag-dep", continuing
118 silly lifecycle No script for "prepack" in "@qinzhiwei1993/lerna1", continuing
119 silly lifecycle No script for "prepack" in "@qinzhiwei1993/l-cli", continuing
120 silly lifecycle No script for "postpack" in "@qinzhiwei1993/esmouel-tag-dep", continuing
121 verbose packed packages/esmouel-tag-dep/dist
122 silly lifecycle No script for "postpack" in "@qinzhiwei1993/lerna1", continuing
123 verbose packed packages/lerna1
124 verbose pack-directory packages/lerna2
125 silly lifecycle No script for "prepublish" in "@qinzhiwei1993/lerna2", continuing
126 silly lifecycle No script for "prepare" in "@qinzhiwei1993/lerna2", continuing
127 silly lifecycle No script for "postpack" in "@qinzhiwei1993/l-cli", continuing
128 verbose packed packages/l-cli
129 silly lifecycle No script for "postpack" in "@qinzhiwei1993/bintest", continuing
130 verbose packed packages/bintest
131 verbose pack-directory packages/lerna3
132 silly lifecycle No script for "prepublish" in "@qinzhiwei1993/lerna3", continuing
133 silly lifecycle No script for "prepare" in "@qinzhiwei1993/lerna3", continuing
134 silly lifecycle No script for "prepublishOnly" in "@qinzhiwei1993/lerna2", continuing
135 verbose pack-directory packages/lerna4
136 silly lifecycle No script for "prepublish" in "@qinzhiwei1993/lerna4", continuing
137 silly lifecycle No script for "prepare" in "@qinzhiwei1993/lerna4", continuing
138 silly lifecycle No script for "prepublishOnly" in "@qinzhiwei1993/lerna3", continuing
139 silly lifecycle No script for "prepack" in "@qinzhiwei1993/lerna2", continuing
140 silly lifecycle No script for "prepublishOnly" in "@qinzhiwei1993/lerna4", continuing
141 silly lifecycle No script for "prepack" in "@qinzhiwei1993/lerna3", continuing
142 silly lifecycle No script for "prepack" in "@qinzhiwei1993/lerna4", continuing
143 silly lifecycle No script for "postpack" in "@qinzhiwei1993/lerna2", continuing
144 verbose packed packages/lerna2
145 silly lifecycle No script for "postpack" in "@qinzhiwei1993/lerna3", continuing
146 verbose packed packages/lerna3
147 silly lifecycle No script for "postpack" in "@qinzhiwei1993/lerna4", continuing
148 verbose packed packages/lerna4
149 silly lifecycle No script for "postpack" in "root", continuing
150 verbose publish @qinzhiwei1993/bintest
151 verbose publish @qinzhiwei1993/esmouel-tag-dep
152 verbose publish @qinzhiwei1993/l-cli
153 verbose publish @qinzhiwei1993/lerna1
154 verbose publish @qinzhiwei1993/lerna2
155 error
